05/21/2019 12:53:23 Entered ServiceMain
05/21/2019 12:53:23 Entered InitService
05/21/2019 12:53:23 Successfully created commands communications channel
05/21/2019 12:53:23 Successfully created results communications channel
05/21/2019 12:53:23 Exiting InitService
05/21/2019 12:53:23 *****Stopping SUService logging*****



05/21/2019 15:27:47 Returning to OS: 0

05/21/2019 15:27:47 *****Stopping SUService logging*****



05/21/2019 15:28:18 Entered ServiceMain
05/21/2019 15:28:18 Entered InitService
05/21/2019 15:28:18 Successfully created commands communications channel
05/21/2019 15:28:18 Successfully created results communications channel
05/21/2019 15:28:18 Exiting InitService
05/21/2019 15:28:18 *****Stopping SUService logging*****



05/21/2019 23:25:28 Returning to OS: 0

05/21/2019 23:25:28 *****Stopping SUService logging*****



05/21/2019 23:25:53 Entered ServiceMain
05/21/2019 23:25:53 Entered InitService
05/21/2019 23:25:53 Successfully created commands communications channel
05/21/2019 23:25:53 Successfully created results communications channel
05/21/2019 23:25:53 Exiting InitService
05/21/2019 23:25:53 *****Stopping SUService logging*****



05/22/2019 08:26:45 Returning to OS: 0

05/22/2019 08:26:45 *****Stopping SUService logging*****



05/22/2019 08:27:09 Entered ServiceMain
05/22/2019 08:27:09 Entered InitService
05/22/2019 08:27:09 Successfully created commands communications channel
05/22/2019 08:27:09 Successfully created results communications channel
05/22/2019 08:27:09 Exiting InitService
05/22/2019 08:27:09 *****Stopping SUService logging*****



05/23/2019 08:35:38 Returning to OS: 0

05/23/2019 08:35:38 *****Stopping SUService logging*****



05/23/2019 08:36:04 Entered ServiceMain
05/23/2019 08:36:04 Entered InitService
05/23/2019 08:36:04 Successfully created commands communications channel
05/23/2019 08:36:04 Successfully created results communications channel
05/23/2019 08:36:04 Exiting InitService
05/23/2019 08:36:04 *****Stopping SUService logging*****



05/23/2019 15:02:58 Returning to OS: 0

05/23/2019 15:02:58 *****Stopping SUService logging*****



05/23/2019 15:03:23 Entered ServiceMain
05/23/2019 15:03:23 Entered InitService
05/23/2019 15:03:23 Successfully created commands communications channel
05/23/2019 15:03:23 Successfully created results communications channel
05/23/2019 15:03:23 Exiting InitService
05/23/2019 15:03:23 *****Stopping SUService logging*****



05/23/2019 20:45:17 Returning to OS: 0

05/23/2019 20:45:17 *****Stopping SUService logging*****



05/23/2019 20:45:47 Entered ServiceMain
05/23/2019 20:45:47 Entered InitService
05/23/2019 20:45:47 Successfully created commands communications channel
05/23/2019 20:45:47 Successfully created results communications channel
05/23/2019 20:45:47 Exiting InitService
05/23/2019 20:45:47 *****Stopping SUService logging*****



05/23/2019 20:49:17 Returning to OS: 0

05/23/2019 20:49:17 *****Stopping SUService logging*****



05/23/2019 20:49:46 Entered ServiceMain
05/23/2019 20:49:46 Entered InitService
05/23/2019 20:49:46 Successfully created commands communications channel
05/23/2019 20:49:46 Successfully created results communications channel
05/23/2019 20:49:46 Exiting InitService
05/23/2019 20:49:46 *****Stopping SUService logging*****



05/23/2019 21:45:25 Returning to OS: 0

05/23/2019 21:45:25 *****Stopping SUService logging*****



05/23/2019 21:45:53 Entered ServiceMain
05/23/2019 21:45:53 Entered InitService
05/23/2019 21:45:53 Successfully created commands communications channel
05/23/2019 21:45:53 Successfully created results communications channel
05/23/2019 21:45:53 Exiting InitService
05/23/2019 21:45:53 *****Stopping SUService logging*****



05/24/2019 11:28:48 Entered ServiceMain
05/24/2019 11:28:48 Entered InitService
05/24/2019 11:28:48 Successfully created commands communications channel
05/24/2019 11:28:48 Successfully created results communications channel
05/24/2019 11:28:48 Exiting InitService
05/24/2019 11:28:48 *****Stopping SUService logging*****



05/25/2019 00:42:19 Returning to OS: 0

05/25/2019 00:42:19 *****Stopping SUService logging*****



05/25/2019 07:42:50 Entered ServiceMain
05/25/2019 07:42:50 Entered InitService
05/25/2019 07:42:50 Successfully created commands communications channel
05/25/2019 07:42:50 Successfully created results communications channel
05/25/2019 07:42:50 Exiting InitService
05/25/2019 07:42:50 *****Stopping SUService logging*****



05/28/2019 23:34:48 Entered ServiceMain
05/28/2019 23:34:48 Entered InitService
05/28/2019 23:34:48 Successfully created commands communications channel
05/28/2019 23:34:48 Successfully created results communications channel
05/28/2019 23:34:48 Exiting InitService
05/28/2019 23:34:48 *****Stopping SUService logging*****



05/31/2019 16:13:24 Returning to OS: 0

05/31/2019 16:13:24 *****Stopping SUService logging*****



05/31/2019 16:17:25 Entered ServiceMain
05/31/2019 16:17:25 Entered InitService
05/31/2019 16:17:25 Successfully created commands communications channel
05/31/2019 16:17:25 Successfully created results communications channel
05/31/2019 16:17:25 Exiting InitService
05/31/2019 16:17:25 *****Stopping SUService logging*****



05/31/2019 22:43:17 Returning to OS: 0

05/31/2019 22:43:17 *****Stopping SUService logging*****



05/31/2019 22:43:42 Entered ServiceMain
05/31/2019 22:43:42 Entered InitService
05/31/2019 22:43:42 Successfully created commands communications channel
05/31/2019 22:43:42 Successfully created results communications channel
05/31/2019 22:43:42 Exiting InitService
05/31/2019 22:43:42 *****Stopping SUService logging*****



06/01/2019 20:43:43 Returning to OS: 0

06/01/2019 20:43:43 *****Stopping SUService logging*****



06/01/2019 20:44:09 Entered ServiceMain
06/01/2019 20:44:09 Entered InitService
06/01/2019 20:44:09 Successfully created commands communications channel
06/01/2019 20:44:09 Successfully created results communications channel
06/01/2019 20:44:09 Exiting InitService
06/01/2019 20:44:09 *****Stopping SUService logging*****



06/03/2019 17:55:45 Returning to OS: 0

06/03/2019 17:55:45 *****Stopping SUService logging*****



06/03/2019 17:56:15 Entered ServiceMain
06/03/2019 17:56:15 Entered InitService
06/03/2019 17:56:15 Successfully created commands communications channel
06/03/2019 17:56:15 Successfully created results communications channel
06/03/2019 17:56:15 Exiting InitService
06/03/2019 17:56:15 *****Stopping SUService logging*****



06/13/2019 14:44:16 Returning to OS: 0

06/13/2019 14:44:16 *****Stopping SUService logging*****



06/13/2019 14:44:49 Entered ServiceMain
06/13/2019 14:44:49 Entered InitService
06/13/2019 14:44:49 Successfully created commands communications channel
06/13/2019 14:44:49 Successfully created results communications channel
06/13/2019 14:44:49 Exiting InitService
06/13/2019 14:44:49 *****Stopping SUService logging*****



06/14/2019 00:02:35 Returning to OS: 0

06/14/2019 00:02:35 *****Stopping SUService logging*****



06/14/2019 08:35:05 Entered ServiceMain
06/14/2019 08:35:05 Entered InitService
06/14/2019 08:35:05 Successfully created commands communications channel
06/14/2019 08:35:05 Successfully created results communications channel
06/14/2019 08:35:05 Exiting InitService
06/14/2019 08:35:05 *****Stopping SUService logging*****



06/15/2019 23:54:32 Returning to OS: 0

06/15/2019 23:54:32 *****Stopping SUService logging*****



06/16/2019 06:36:26 Entered ServiceMain
06/16/2019 06:36:26 Entered InitService
06/16/2019 06:36:26 Successfully created commands communications channel
06/16/2019 06:36:26 Successfully created results communications channel
06/16/2019 06:36:26 Exiting InitService
06/16/2019 06:36:26 *****Stopping SUService logging*****



06/17/2019 23:19:11 Returning to OS: 0

06/17/2019 23:19:11 *****Stopping SUService logging*****



06/18/2019 10:47:03 Entered ServiceMain
06/18/2019 10:47:03 Entered InitService
06/18/2019 10:47:03 Successfully created commands communications channel
06/18/2019 10:47:03 Successfully created results communications channel
06/18/2019 10:47:03 Exiting InitService
06/18/2019 10:47:03 *****Stopping SUService logging*****



06/26/2019 15:13:22 Returning to OS: 0

06/26/2019 15:13:22 *****Stopping SUService logging*****



06/26/2019 15:16:20 Entered ServiceMain
06/26/2019 15:16:20 Entered InitService
06/26/2019 15:16:20 Successfully created commands communications channel
06/26/2019 15:16:20 Successfully created results communications channel
06/26/2019 15:16:20 Exiting InitService
06/26/2019 15:16:20 *****Stopping SUService logging*****



07/04/2019 07:08:34 Entered ServiceMain
07/04/2019 07:08:34 Entered InitService
07/04/2019 07:08:34 Successfully created commands communications channel
07/04/2019 07:08:34 Successfully created results communications channel
07/04/2019 07:08:34 Exiting InitService
07/04/2019 07:08:34 *****Stopping SUService logging*****



07/04/2019 08:08:00 Returning to OS: 0

07/04/2019 08:08:00 *****Stopping SUService logging*****



07/04/2019 08:08:28 Entered ServiceMain
07/04/2019 08:08:28 Entered InitService
07/04/2019 08:08:28 Successfully created commands communications channel
07/04/2019 08:08:28 Successfully created results communications channel
07/04/2019 08:08:28 Exiting InitService
07/04/2019 08:08:28 *****Stopping SUService logging*****



07/04/2019 08:26:07 Returning to OS: 0

07/04/2019 08:26:07 *****Stopping SUService logging*****



07/04/2019 08:26:35 Entered ServiceMain
07/04/2019 08:26:35 Entered InitService
07/04/2019 08:26:35 Successfully created commands communications channel
07/04/2019 08:26:35 Successfully created results communications channel
07/04/2019 08:26:35 Exiting InitService
07/04/2019 08:26:35 *****Stopping SUService logging*****



07/05/2019 17:16:56 Returning to OS: 0

07/05/2019 17:16:56 *****Stopping SUService logging*****



07/05/2019 17:17:24 Entered ServiceMain
07/05/2019 17:17:24 Entered InitService
07/05/2019 17:17:24 Successfully created commands communications channel
07/05/2019 17:17:24 Successfully created results communications channel
07/05/2019 17:17:24 Exiting InitService
07/05/2019 17:17:24 *****Stopping SUService logging*****



07/08/2019 21:10:55 Returning to OS: 0

07/08/2019 21:10:55 *****Stopping SUService logging*****



07/08/2019 21:11:23 Entered ServiceMain
07/08/2019 21:11:23 Entered InitService
07/08/2019 21:11:23 Successfully created commands communications channel
07/08/2019 21:11:23 Successfully created results communications channel
07/08/2019 21:11:23 Exiting InitService
07/08/2019 21:11:23 *****Stopping SUService logging*****



07/11/2019 00:04:24 Returning to OS: 0

07/11/2019 00:04:24 *****Stopping SUService logging*****



07/11/2019 06:31:15 Entered ServiceMain
07/11/2019 06:31:15 Entered InitService
07/11/2019 06:31:15 Successfully created commands communications channel
07/11/2019 06:31:15 Successfully created results communications channel
07/11/2019 06:31:15 Exiting InitService
07/11/2019 06:31:15 *****Stopping SUService logging*****



07/11/2019 17:54:26 Returning to OS: 0

07/11/2019 17:54:26 *****Stopping SUService logging*****



07/11/2019 17:55:00 Entered ServiceMain
07/11/2019 17:55:00 Entered InitService
07/11/2019 17:55:00 Successfully created commands communications channel
07/11/2019 17:55:00 Successfully created results communications channel
07/11/2019 17:55:00 Exiting InitService
07/11/2019 17:55:00 *****Stopping SUService logging*****



07/11/2019 18:01:38 Returning to OS: 0

07/11/2019 18:01:38 *****Stopping SUService logging*****



07/11/2019 18:02:06 Entered ServiceMain
07/11/2019 18:02:06 Entered InitService
07/11/2019 18:02:06 Successfully created commands communications channel
07/11/2019 18:02:06 Successfully created results communications channel
07/11/2019 18:02:06 Exiting InitService
07/11/2019 18:02:06 *****Stopping SUService logging*****



07/15/2019 16:36:14 Returning to OS: 0

07/15/2019 16:36:14 *****Stopping SUService logging*****



07/15/2019 16:36:44 Entered ServiceMain
07/15/2019 16:36:44 Entered InitService
07/15/2019 16:36:44 Successfully created commands communications channel
07/15/2019 16:36:44 Successfully created results communications channel
07/15/2019 16:36:44 Exiting InitService
07/15/2019 16:36:44 *****Stopping SUService logging*****



07/18/2019 22:05:33 Returning to OS: 0

07/18/2019 22:05:33 *****Stopping SUService logging*****



07/18/2019 22:07:52 Entered ServiceMain
07/18/2019 22:07:52 Entered InitService
07/18/2019 22:07:52 Successfully created commands communications channel
07/18/2019 22:07:52 Successfully created results communications channel
07/18/2019 22:07:52 Exiting InitService
07/18/2019 22:07:52 *****Stopping SUService logging*****



07/25/2019 14:02:48 Returning to OS: 0

07/25/2019 14:02:48 *****Stopping SUService logging*****



07/25/2019 14:03:16 Entered ServiceMain
07/25/2019 14:03:16 Entered InitService
07/25/2019 14:03:16 Successfully created commands communications channel
07/25/2019 14:03:16 Successfully created results communications channel
07/25/2019 14:03:16 Exiting InitService
07/25/2019 14:03:16 *****Stopping SUService logging*****



08/05/2019 21:11:11 Returning to OS: 0

08/05/2019 21:11:11 *****Stopping SUService logging*****



08/05/2019 21:11:50 Entered ServiceMain
08/05/2019 21:11:50 Entered InitService
08/05/2019 21:11:50 Successfully created commands communications channel
08/05/2019 21:11:50 Successfully created results communications channel
08/05/2019 21:11:50 Exiting InitService
08/05/2019 21:11:50 *****Stopping SUService logging*****



08/16/2019 13:48:29 Entered ServiceMain
08/16/2019 13:48:29 Entered InitService
08/16/2019 13:48:29 Successfully created commands communications channel
08/16/2019 13:48:29 Successfully created results communications channel
08/16/2019 13:48:29 Exiting InitService
08/16/2019 13:48:29 *****Stopping SUService logging*****



08/26/2019 16:36:23 Returning to OS: 0

08/26/2019 16:36:24 *****Stopping SUService logging*****



08/26/2019 16:37:07 Entered ServiceMain
08/26/2019 16:37:07 Entered InitService
08/26/2019 16:37:07 Successfully created commands communications channel
08/26/2019 16:37:07 Successfully created results communications channel
08/26/2019 16:37:07 Exiting InitService
08/26/2019 16:37:07 *****Stopping SUService logging*****



08/29/2019 17:30:07 Returning to OS: 0

08/29/2019 17:30:07 *****Stopping SUService logging*****



08/29/2019 19:49:52 Entered ServiceMain
08/29/2019 19:49:52 Entered InitService
08/29/2019 19:49:52 Successfully created commands communications channel
08/29/2019 19:49:52 Successfully created results communications channel
08/29/2019 19:49:52 Exiting InitService
08/29/2019 19:49:52 *****Stopping SUService logging*****



08/30/2019 13:48:35 Returning to OS: 0

08/30/2019 13:48:35 *****Stopping SUService logging*****




08/29/2019 19:49:52 Entered InitService
08/29/2019 19:49:52 Successfully created commands communications channel
08/29/2019 19:49:52 Successfully created results communications chan